Using pre-set license
Built from '2020.3/staging' branch; Version is '2020.3.5f1 (8095aa901b9b) revision 8426922'; Using compiler version '192528614'; Build Type 'Release'
OS: 'Windows 10 Enterprise LTSC 2019; OS build 17763.2061; Version 1809; 64bit' Language: 'ru' Physical Memory: 8174 MB
BatchMode: 1, IsHumanControllingUs: 0, StartBugReporterOnCrash: 0, Is64bit: 1, IsPro: 0

 COMMAND LINE ARGUMENTS:
D:\un\2020.3.5f1\Editor\Unity.exe
-adb2
-batchMode
-noUpm
-name
AssetImportWorker0
-projectPath
D:/UnityStudy/FireBalls
-logFile
Logs/AssetImportWorker0.log
-srvPort
4493
Successfully changed project path to: D:/UnityStudy/FireBalls
D:/UnityStudy/FireBalls
Using Asset Import Pipeline V2.
Refreshing native plugins compatible for Editor in 50.41 ms, found 0 plugins.
Preloading 0 native plugins for Editor in 0.00 ms.
Initialize engine version: 2020.3.5f1 (8095aa901b9b)
[Subsystems] Discovering subsystems at path D:/un/2020.3.5f1/Editor/Data/Resources/UnitySubsystems
[Subsystems] Discovering subsystems at path D:/UnityStudy/FireBalls/Assets
GfxDevice: creating device client; threaded=0
Direct3D:
    Version:  Direct3D 11.0 [level 11.1]
    Renderer: NVIDIA GeForce GTX 1050 (ID=0x1c81)
    Vendor:   
    VRAM:     1977 MB
    Driver:   27.21.14.6140
Initialize mono
Mono path[0] = 'D:/un/2020.3.5f1/Editor/Data/Managed'
Mono path[1] = 'D:/un/2020.3.5f1/Editor/Data/MonoBleedingEdge/lib/mono/unityjit'
Mono config path = 'D:/un/2020.3.5f1/Editor/Data/MonoBleedingEdge/etc'
Using monoOptions --debugger-agent=transport=dt_socket,embedding=1,server=y,suspend=n,address=127.0.0.1:56252
Begin MonoManager ReloadAssembly
Registering precompiled unity dll's ...
Register platform support module: D:/un/2020.3.5f1/Editor/Data/PlaybackEngines/WebGLSupport/UnityEditor.WebGL.Extensions.dll
Register platform support module: D:/un/2020.3.5f1/Editor/Data/PlaybackEngines/WindowsStandaloneSupport/UnityEditor.WindowsStandalone.Extensions.dll
Registered in 0.002282 seconds.
Native extension for WindowsStandalone target not found
Native extension for WebGL target not found
Refreshing native plugins compatible for Editor in 54.35 ms, found 0 plugins.
Preloading 0 native plugins for Editor in 0.00 ms.
Mono: successfully reloaded assembly
- Completed reload, in  4.618 seconds
Platform modules already initialized, skipping
Registering precompiled user dll's ...
Registered in 0.002555 seconds.
Begin MonoManager ReloadAssembly
Native extension for WindowsStandalone target not found
Native extension for WebGL target not found
Refreshing native plugins compatible for Editor in 0.52 ms, found 0 plugins.
Preloading 0 native plugins for Editor in 0.00 ms.
Mono: successfully reloaded assembly
- Completed reload, in  1.887 seconds
Platform modules already initialized, skipping
========================================================================
Worker process is ready to serve import requests
Launched and connected shader compiler UnityShaderCompiler.exe after 0.08 seconds
Refreshing native plugins compatible for Editor in 0.50 ms, found 0 plugins.
Preloading 0 native plugins for Editor in 0.00 ms.
Unloading 1490 Unused Serialized files (Serialized files now loaded: 0)
System memory in use before: 72.6 MB.
System memory in use after: 72.6 MB.

Unloading 13 unused Assets to reduce memory usage. Loaded Objects now: 1935.
Total: 3.240300 ms (FindLiveObjects: 0.469700 ms CreateObjectMapping: 0.166400 ms MarkObjects: 2.399100 ms  DeleteObjects: 0.203800 ms)

========================================================================
Received Import Request.
  path: Assets/Scenes/SampleScene.unity
  artifactKey: Guid(9fc0d4010bbf28b4594072e72b8655ab) Importer(815301076,1909f56bfc062723c751e8b465ee728b)
Start importing Assets/Scenes/SampleScene.unity using Guid(9fc0d4010bbf28b4594072e72b8655ab) Importer(815301076,1909f56bfc062723c751e8b465ee728b)  -> (artifact id: 'caf7be20368320f488a5efafa6e4abe9') in 0.022225 seconds
  Import took 0.025684 seconds .

========================================================================
Received Import Request.
  Time since last request: 4.419763 seconds.
  path: Assets/Resources/DOTweenSettings.asset
  artifactKey: Guid(fe08dc33a5af5af4d828b304453fba70) Importer(815301076,1909f56bfc062723c751e8b465ee728b)
Start importing Assets/Resources/DOTweenSettings.asset using Guid(fe08dc33a5af5af4d828b304453fba70) Importer(815301076,1909f56bfc062723c751e8b465ee728b)  -> (artifact id: 'cba08690b7c7db6df3b73883c1412e32') in 0.034771 seconds
  Import took 0.038056 seconds .

========================================================================
Received Import Request.
  Time since last request: 13.526852 seconds.
  path: Assets/Scenes/Gamr.unity
  artifactKey: Guid(9fc0d4010bbf28b4594072e72b8655ab) Importer(815301076,1909f56bfc062723c751e8b465ee728b)
Start importing Assets/Scenes/Gamr.unity using Guid(9fc0d4010bbf28b4594072e72b8655ab) Importer(815301076,1909f56bfc062723c751e8b465ee728b)  -> (artifact id: 'b0f05671df61bd576abe27eecc3b9b4f') in 0.005292 seconds
  Import took 0.009256 seconds .

========================================================================
Received Import Request.
  Time since last request: 0.006755 seconds.
  path: Assets/Scenes/Gamr.unity
  artifactKey: Guid(9fc0d4010bbf28b4594072e72b8655ab) Importer(815301076,1909f56bfc062723c751e8b465ee728b)
Start importing Assets/Scenes/Gamr.unity using Guid(9fc0d4010bbf28b4594072e72b8655ab) Importer(815301076,1909f56bfc062723c751e8b465ee728b)  -> (artifact id: 'b0f05671df61bd576abe27eecc3b9b4f') in 0.006000 seconds
  Import took 0.010319 seconds .

========================================================================
Received Import Request.
  Time since last request: 2.291459 seconds.
  path: Assets/Scenes
  artifactKey: Guid(24c9807ed4b5c7e49a1f64f4a5049296) Importer(815301076,1909f56bfc062723c751e8b465ee728b)
Start importing Assets/Scenes using Guid(24c9807ed4b5c7e49a1f64f4a5049296) Importer(815301076,1909f56bfc062723c751e8b465ee728b)  -> (artifact id: 'bcdea1c055a6bb53f5980d6d9b806c4b') in 0.006330 seconds
  Import took 0.010356 seconds .

========================================================================
Received Import Request.
  Time since last request: 11.528271 seconds.
  path: Assets/Scenes/Game.unity
  artifactKey: Guid(5a0f8ad79e8ea66428fea95aeab5a5c6) Importer(815301076,1909f56bfc062723c751e8b465ee728b)
Start importing Assets/Scenes/Game.unity using Guid(5a0f8ad79e8ea66428fea95aeab5a5c6) Importer(815301076,1909f56bfc062723c751e8b465ee728b)  -> (artifact id: 'd6db32ac6127577a311a2129388e06bb') in 0.015465 seconds
  Import took 0.019615 seconds .

========================================================================
Received Prepare
Registering precompiled user dll's ...
Registered in 0.002421 seconds.
Begin MonoManager ReloadAssembly
Native extension for WindowsStandalone target not found
Native extension for WebGL target not found
Refreshing native plugins compatible for Editor in 0.48 ms, found 0 plugins.
Preloading 0 native plugins for Editor in 0.00 ms.
Mono: successfully reloaded assembly
- Completed reload, in  1.318 seconds
Platform modules already initialized, skipping
Switching build target platform(5) subTarget(0) extendedPlatform(0) -> platform(13) subTarget(537395200) extendedPlatform(0)
Refreshing native plugins compatible for Editor in 0.44 ms, found 0 plugins.
Preloading 0 native plugins for Editor in 0.00 ms.
Unloading 1466 Unused Serialized files (Serialized files now loaded: 0)
System memory in use before: 69.9 MB.
System memory in use after: 70.0 MB.

Unloading 8 unused Assets to reduce memory usage. Loaded Objects now: 1938.
Total: 3.429300 ms (FindLiveObjects: 0.373200 ms CreateObjectMapping: 0.093100 ms MarkObjects: 2.828800 ms  DeleteObjects: 0.131200 ms)

AssetImportParameters requested are different than current active one (requested -> active):
  custom:graphics/normal-map-encoding: 01000000000000000000000000000000 -> 02000000000000000000000000000000
========================================================================
Received Import Request.
  Time since last request: 455.292205 seconds.
  path: Assets/Materials/Bridge.mat
  artifactKey: Guid(3c346c1b1e9327a4893d41f9d8eb0cfd) Importer(815301076,1909f56bfc062723c751e8b465ee728b)
Start importing Assets/Materials/Bridge.mat using Guid(3c346c1b1e9327a4893d41f9d8eb0cfd) Importer(815301076,1909f56bfc062723c751e8b465ee728b)  -> (artifact id: '772a533f1d9d4a67d310557979638fa3') in 0.190053 seconds
  Import took 0.193477 seconds .

========================================================================
Received Import Request.
  Time since last request: 435.772836 seconds.
  path: Assets/Models/GridBox_Default.png
  artifactKey: Guid(68e1d9503aef91645835bc925bc6a106) Importer(815301076,1909f56bfc062723c751e8b465ee728b)
Start importing Assets/Models/GridBox_Default.png using Guid(68e1d9503aef91645835bc925bc6a106) Importer(815301076,1909f56bfc062723c751e8b465ee728b)  -> (artifact id: 'c1ea331829f3dea2a60e68e2161ce766') in 0.070858 seconds
  Import took 0.074943 seconds .

========================================================================
Received Import Request.
  Time since last request: 0.000252 seconds.
  path: Assets/Models/Obstacle60D.obj
  artifactKey: Guid(d55a46b20563cc34f9d39170c6be602b) Importer(815301076,1909f56bfc062723c751e8b465ee728b)
Start importing Assets/Models/Obstacle60D.obj using Guid(d55a46b20563cc34f9d39170c6be602b) Importer(815301076,1909f56bfc062723c751e8b465ee728b)  -> (artifact id: 'e9b8fad6b5bd7af411cee6dd40f203ac') in 0.110849 seconds
  Import took 0.114666 seconds .

========================================================================
Received Import Request.
  Time since last request: 0.000262 seconds.
  path: Assets/Models/GridBox_Default.png
  artifactKey: Guid(68e1d9503aef91645835bc925bc6a106) Importer(815301076,1909f56bfc062723c751e8b465ee728b)
Start importing Assets/Models/GridBox_Default.png using Guid(68e1d9503aef91645835bc925bc6a106) Importer(815301076,1909f56bfc062723c751e8b465ee728b)  -> (artifact id: 'c1ea331829f3dea2a60e68e2161ce766') in 0.021148 seconds
  Import took 0.025027 seconds .

========================================================================
Received Import Request.
  Time since last request: 0.000259 seconds.
  path: Assets/Models/Obstacle60D.obj
  artifactKey: Guid(d55a46b20563cc34f9d39170c6be602b) Importer(815301076,1909f56bfc062723c751e8b465ee728b)
Start importing Assets/Models/Obstacle60D.obj using Guid(d55a46b20563cc34f9d39170c6be602b) Importer(815301076,1909f56bfc062723c751e8b465ee728b)  -> (artifact id: 'e9b8fad6b5bd7af411cee6dd40f203ac') in 0.045525 seconds
  Import took 0.049322 seconds .

========================================================================
Received Import Request.
  Time since last request: 130.457718 seconds.
  path: Assets/Models/Obstacle30D.obj
  artifactKey: Guid(355d9f95a9f4a434a92dbb10a9b28748) Importer(815301076,1909f56bfc062723c751e8b465ee728b)
Start importing Assets/Models/Obstacle30D.obj using Guid(355d9f95a9f4a434a92dbb10a9b28748) Importer(815301076,1909f56bfc062723c751e8b465ee728b)  -> (artifact id: '71374d16d4d458061777d7a5bd4ef363') in 0.037038 seconds
  Import took 0.041209 seconds .

========================================================================
Received Import Request.
  Time since last request: 0.005570 seconds.
  path: Assets/Models/Obstacle30D.obj
  artifactKey: Guid(355d9f95a9f4a434a92dbb10a9b28748) Importer(815301076,1909f56bfc062723c751e8b465ee728b)
Start importing Assets/Models/Obstacle30D.obj using Guid(355d9f95a9f4a434a92dbb10a9b28748) Importer(815301076,1909f56bfc062723c751e8b465ee728b)  -> (artifact id: '71374d16d4d458061777d7a5bd4ef363') in 0.037969 seconds
  Import took 0.041962 seconds .

========================================================================
Received Import Request.
  Time since last request: 58.151867 seconds.
  path: Assets/Materials/Obstacle.mat
  artifactKey: Guid(0c79472b5ce7afe46b6a243268137dbe) Importer(815301076,1909f56bfc062723c751e8b465ee728b)
Start importing Assets/Materials/Obstacle.mat using Guid(0c79472b5ce7afe46b6a243268137dbe) Importer(815301076,1909f56bfc062723c751e8b465ee728b)  -> (artifact id: '4ff256b5ce7a10fc4be7d512326ca34d') in 0.014578 seconds
  Import took 0.018659 seconds .

========================================================================
Received Import Request.
  Time since last request: 30.283864 seconds.
  path: Assets/Models/Obstacle30D.obj
  artifactKey: Guid(355d9f95a9f4a434a92dbb10a9b28748) Importer(815301076,1909f56bfc062723c751e8b465ee728b)
Start importing Assets/Models/Obstacle30D.obj using Guid(355d9f95a9f4a434a92dbb10a9b28748) Importer(815301076,1909f56bfc062723c751e8b465ee728b)  -> (artifact id: '23e489602947d9d9ed1bac11e0a2f1e4') in 0.027894 seconds
  Import took 0.031801 seconds .

========================================================================
Received Import Request.
  Time since last request: 8.338712 seconds.
  path: Assets/Models/Obstacle60D.obj
  artifactKey: Guid(d55a46b20563cc34f9d39170c6be602b) Importer(815301076,1909f56bfc062723c751e8b465ee728b)
Start importing Assets/Models/Obstacle60D.obj using Guid(d55a46b20563cc34f9d39170c6be602b) Importer(815301076,1909f56bfc062723c751e8b465ee728b)  -> (artifact id: 'ba548caeedd6a0a85a5b32d5fdf964d4') in 0.029408 seconds
  Import took 0.033188 seconds .

========================================================================
Received Import Request.
  Time since last request: 11.762325 seconds.
  path: Assets/Models/Full.mtl
  artifactKey: Guid(7f698511afe9960448d3a4e80bd9ffd4) Importer(815301076,1909f56bfc062723c751e8b465ee728b)
Start importing Assets/Models/Full.mtl using Guid(7f698511afe9960448d3a4e80bd9ffd4) Importer(815301076,1909f56bfc062723c751e8b465ee728b)  -> (artifact id: '8f82793e645ffee99ae6b0efd3c808f8') in 0.008821 seconds
  Import took 0.014094 seconds .

========================================================================
Received Import Request.
  Time since last request: 0.001153 seconds.
  path: Assets/Models/Full.mtl
  artifactKey: Guid(7f698511afe9960448d3a4e80bd9ffd4) Importer(815301076,1909f56bfc062723c751e8b465ee728b)
Start importing Assets/Models/Full.mtl using Guid(7f698511afe9960448d3a4e80bd9ffd4) Importer(815301076,1909f56bfc062723c751e8b465ee728b)  -> (artifact id: '8f82793e645ffee99ae6b0efd3c808f8') in 0.005195 seconds
  Import took 0.010038 seconds .

========================================================================
Received Import Request.
  Time since last request: 1.996040 seconds.
  path: Assets/Models/Obstacle30D.mtl
  artifactKey: Guid(fce4dca940821474380c65d66715526b) Importer(815301076,1909f56bfc062723c751e8b465ee728b)
Start importing Assets/Models/Obstacle30D.mtl using Guid(fce4dca940821474380c65d66715526b) Importer(815301076,1909f56bfc062723c751e8b465ee728b)  -> (artifact id: '1dae84da4454cb6a1ac32dc4007647d2') in 0.005947 seconds
  Import took 0.010143 seconds .

========================================================================
Received Import Request.
  Time since last request: 1.751476 seconds.
  path: Assets/Models/Obstacle60D.mtl
  artifactKey: Guid(6f1ffdc4b2af07a4d89da3ecacd54094) Importer(815301076,1909f56bfc062723c751e8b465ee728b)
Start importing Assets/Models/Obstacle60D.mtl using Guid(6f1ffdc4b2af07a4d89da3ecacd54094) Importer(815301076,1909f56bfc062723c751e8b465ee728b)  -> (artifact id: 'c75ef1c9b5143bcbbad707589642b9e2') in 0.005750 seconds
  Import took 0.009637 seconds .

========================================================================
Received Import Request.
  Time since last request: 1.007340 seconds.
  path: Assets/Models/Ring.mtl
  artifactKey: Guid(1ce761e1d61e06142a231aca3a324e8a) Importer(815301076,1909f56bfc062723c751e8b465ee728b)
Start importing Assets/Models/Ring.mtl using Guid(1ce761e1d61e06142a231aca3a324e8a) Importer(815301076,1909f56bfc062723c751e8b465ee728b)  -> (artifact id: '9c3ea0192f4311ac3bdf934450c97dcd') in 0.005531 seconds
  Import took 0.009324 seconds .

========================================================================
Received Import Request.
  Time since last request: 645.862869 seconds.
  path: Assets/Scripts/Obstacle.cs
  artifactKey: Guid(793b57bff670438489e300e63b63bdf5) Importer(815301076,1909f56bfc062723c751e8b465ee728b)
Start importing Assets/Scripts/Obstacle.cs using Guid(793b57bff670438489e300e63b63bdf5) Importer(815301076,1909f56bfc062723c751e8b465ee728b)  -> (artifact id: '7c184247cd9da066a80b27ea9284fe25') in 0.085105 seconds
  Import took 0.089643 seconds .

========================================================================
Received Prepare
Registering precompiled user dll's ...
Registered in 0.002269 seconds.
Begin MonoManager ReloadAssembly
Native extension for WindowsStandalone target not found
Native extension for WebGL target not found
Refreshing native plugins compatible for Editor in 0.69 ms, found 0 plugins.
Preloading 0 native plugins for Editor in 0.00 ms.
Mono: successfully reloaded assembly
- Completed reload, in  1.414 seconds
Platform modules already initialized, skipping
Switching build target platform(5) subTarget(0) extendedPlatform(0) -> platform(13) subTarget(537395200) extendedPlatform(0)
Refreshing native plugins compatible for Editor in 0.47 ms, found 0 plugins.
Preloading 0 native plugins for Editor in 0.00 ms.
Unloading 1467 Unused Serialized files (Serialized files now loaded: 0)
System memory in use before: 73.5 MB.
System memory in use after: 73.5 MB.

Unloading 8 unused Assets to reduce memory usage. Loaded Objects now: 1986.
Total: 2.763500 ms (FindLiveObjects: 0.367600 ms CreateObjectMapping: 0.081000 ms MarkObjects: 2.194000 ms  DeleteObjects: 0.119300 ms)

AssetImportParameters requested are different than current active one (requested -> active):
  custom:graphics/normal-map-encoding: 01000000000000000000000000000000 -> 02000000000000000000000000000000
========================================================================
Received Prepare
Registering precompiled user dll's ...
Registered in 0.001915 seconds.
Begin MonoManager ReloadAssembly
Native extension for WindowsStandalone target not found
Native extension for WebGL target not found
Refreshing native plugins compatible for Editor in 0.50 ms, found 0 plugins.
Preloading 0 native plugins for Editor in 0.00 ms.
Mono: successfully reloaded assembly
- Completed reload, in  1.402 seconds
Platform modules already initialized, skipping
Switching build target platform(5) subTarget(0) extendedPlatform(0) -> platform(13) subTarget(537395200) extendedPlatform(0)
Refreshing native plugins compatible for Editor in 0.43 ms, found 0 plugins.
Preloading 0 native plugins for Editor in 0.00 ms.
Unloading 1467 Unused Serialized files (Serialized files now loaded: 0)
System memory in use before: 73.5 MB.
System memory in use after: 73.5 MB.

Unloading 8 unused Assets to reduce memory usage. Loaded Objects now: 1989.
Total: 2.719700 ms (FindLiveObjects: 0.289000 ms CreateObjectMapping: 0.075000 ms MarkObjects: 2.242000 ms  DeleteObjects: 0.112200 ms)

AssetImportParameters requested are different than current active one (requested -> active):
  custom:graphics/normal-map-encoding: 01000000000000000000000000000000 -> 02000000000000000000000000000000
========================================================================
Received Prepare
Registering precompiled user dll's ...
Registered in 0.002731 seconds.
Begin MonoManager ReloadAssembly
Native extension for WindowsStandalone target not found
Native extension for WebGL target not found
Refreshing native plugins compatible for Editor in 0.46 ms, found 0 plugins.
Preloading 0 native plugins for Editor in 0.00 ms.
Mono: successfully reloaded assembly
- Completed reload, in  1.358 seconds
Platform modules already initialized, skipping
Switching build target platform(5) subTarget(0) extendedPlatform(0) -> platform(13) subTarget(537395200) extendedPlatform(0)
Refreshing native plugins compatible for Editor in 0.47 ms, found 0 plugins.
Preloading 0 native plugins for Editor in 0.00 ms.
Unloading 1467 Unused Serialized files (Serialized files now loaded: 0)
System memory in use before: 73.5 MB.
System memory in use after: 73.5 MB.

Unloading 8 unused Assets to reduce memory usage. Loaded Objects now: 1992.
Total: 2.493700 ms (FindLiveObjects: 0.328600 ms CreateObjectMapping: 0.084600 ms MarkObjects: 1.962600 ms  DeleteObjects: 0.116300 ms)

AssetImportParameters requested are different than current active one (requested -> active):
  custom:graphics/normal-map-encoding: 01000000000000000000000000000000 -> 02000000000000000000000000000000
========================================================================
Received Prepare
Registering precompiled user dll's ...
Registered in 0.001878 seconds.
Begin MonoManager ReloadAssembly
Native extension for WindowsStandalone target not found
Native extension for WebGL target not found
Refreshing native plugins compatible for Editor in 0.48 ms, found 0 plugins.
Preloading 0 native plugins for Editor in 0.00 ms.
Mono: successfully reloaded assembly
- Completed reload, in  1.644 seconds
Platform modules already initialized, skipping
Switching build target platform(5) subTarget(0) extendedPlatform(0) -> platform(13) subTarget(537395200) extendedPlatform(0)
Refreshing native plugins compatible for Editor in 0.52 ms, found 0 plugins.
Preloading 0 native plugins for Editor in 0.00 ms.
Unloading 1467 Unused Serialized files (Serialized files now loaded: 0)
System memory in use before: 73.5 MB.
System memory in use after: 73.5 MB.

Unloading 8 unused Assets to reduce memory usage. Loaded Objects now: 1995.
Total: 3.936600 ms (FindLiveObjects: 0.647900 ms CreateObjectMapping: 0.163500 ms MarkObjects: 2.954000 ms  DeleteObjects: 0.169100 ms)

AssetImportParameters requested are different than current active one (requested -> active):
  custom:graphics/normal-map-encoding: 01000000000000000000000000000000 -> 02000000000000000000000000000000
========================================================================
Received Prepare
Registering precompiled user dll's ...
Registered in 0.002094 seconds.
Begin MonoManager ReloadAssembly
Native extension for WindowsStandalone target not found
Native extension for WebGL target not found
Refreshing native plugins compatible for Editor in 0.48 ms, found 0 plugins.
Preloading 0 native plugins for Editor in 0.00 ms.
Mono: successfully reloaded assembly
- Completed reload, in  1.578 seconds
Platform modules already initialized, skipping
Switching build target platform(5) subTarget(0) extendedPlatform(0) -> platform(13) subTarget(537395200) extendedPlatform(0)
Refreshing native plugins compatible for Editor in 0.60 ms, found 0 plugins.
Preloading 0 native plugins for Editor in 0.00 ms.
Unloading 1467 Unused Serialized files (Serialized files now loaded: 0)
System memory in use before: 73.5 MB.
System memory in use after: 73.6 MB.

Unloading 8 unused Assets to reduce memory usage. Loaded Objects now: 1998.
Total: 3.893400 ms (FindLiveObjects: 0.548300 ms CreateObjectMapping: 0.243100 ms MarkObjects: 2.927400 ms  DeleteObjects: 0.173000 ms)

AssetImportParameters requested are different than current active one (requested -> active):
  custom:graphics/normal-map-encoding: 01000000000000000000000000000000 -> 02000000000000000000000000000000
========================================================================
Received Prepare
Registering precompiled user dll's ...
Registered in 0.002194 seconds.
Begin MonoManager ReloadAssembly
Native extension for WindowsStandalone target not found
Native extension for WebGL target not found
Refreshing native plugins compatible for Editor in 0.53 ms, found 0 plugins.
Preloading 0 native plugins for Editor in 0.00 ms.
Mono: successfully reloaded assembly
- Completed reload, in  1.412 seconds
Platform modules already initialized, skipping
Switching build target platform(5) subTarget(0) extendedPlatform(0) -> platform(13) subTarget(537395200) extendedPlatform(0)
Refreshing native plugins compatible for Editor in 0.50 ms, found 0 plugins.
Preloading 0 native plugins for Editor in 0.00 ms.
Unloading 1467 Unused Serialized files (Serialized files now loaded: 0)
System memory in use before: 73.5 MB.
System memory in use after: 73.6 MB.

Unloading 8 unused Assets to reduce memory usage. Loaded Objects now: 2001.
Total: 2.772000 ms (FindLiveObjects: 0.321400 ms CreateObjectMapping: 0.082200 ms MarkObjects: 2.238100 ms  DeleteObjects: 0.129100 ms)

AssetImportParameters requested are different than current active one (requested -> active):
  custom:graphics/normal-map-encoding: 01000000000000000000000000000000 -> 02000000000000000000000000000000
========================================================================
Received Prepare
Registering precompiled user dll's ...
Registered in 0.002202 seconds.
Begin MonoManager ReloadAssembly
Native extension for WindowsStandalone target not found
Native extension for WebGL target not found
Refreshing native plugins compatible for Editor in 0.44 ms, found 0 plugins.
Preloading 0 native plugins for Editor in 0.00 ms.
Mono: successfully reloaded assembly
- Completed reload, in  1.372 seconds
Platform modules already initialized, skipping
Switching build target platform(5) subTarget(0) extendedPlatform(0) -> platform(13) subTarget(537395200) extendedPlatform(0)
Refreshing native plugins compatible for Editor in 0.44 ms, found 0 plugins.
Preloading 0 native plugins for Editor in 0.00 ms.
Unloading 1467 Unused Serialized files (Serialized files now loaded: 0)
System memory in use before: 73.5 MB.
System memory in use after: 73.6 MB.

Unloading 8 unused Assets to reduce memory usage. Loaded Objects now: 2004.
Total: 2.650200 ms (FindLiveObjects: 0.344400 ms CreateObjectMapping: 0.077200 ms MarkObjects: 2.100100 ms  DeleteObjects: 0.127500 ms)

AssetImportParameters requested are different than current active one (requested -> active):
  custom:graphics/normal-map-encoding: 01000000000000000000000000000000 -> 02000000000000000000000000000000
========================================================================
Received Prepare
Registering precompiled user dll's ...
Registered in 0.001847 seconds.
Begin MonoManager ReloadAssembly
Native extension for WindowsStandalone target not found
Native extension for WebGL target not found
Refreshing native plugins compatible for Editor in 0.44 ms, found 0 plugins.
Preloading 0 native plugins for Editor in 0.00 ms.
Mono: successfully reloaded assembly
- Completed reload, in  1.425 seconds
Platform modules already initialized, skipping
Switching build target platform(5) subTarget(0) extendedPlatform(0) -> platform(13) subTarget(537395200) extendedPlatform(0)
Refreshing native plugins compatible for Editor in 0.47 ms, found 0 plugins.
Preloading 0 native plugins for Editor in 0.00 ms.
Unloading 1467 Unused Serialized files (Serialized files now loaded: 0)
System memory in use before: 73.5 MB.
System memory in use after: 73.6 MB.

Unloading 8 unused Assets to reduce memory usage. Loaded Objects now: 2007.
Total: 2.827600 ms (FindLiveObjects: 0.318900 ms CreateObjectMapping: 0.077100 ms MarkObjects: 2.287900 ms  DeleteObjects: 0.142100 ms)

AssetImportParameters requested are different than current active one (requested -> active):
  custom:graphics/normal-map-encoding: 01000000000000000000000000000000 -> 02000000000000000000000000000000
========================================================================
Received Prepare
Registering precompiled user dll's ...
Registered in 0.001860 seconds.
Begin MonoManager ReloadAssembly
Native extension for WindowsStandalone target not found
Native extension for WebGL target not found
Refreshing native plugins compatible for Editor in 0.51 ms, found 0 plugins.
Preloading 0 native plugins for Editor in 0.00 ms.
Mono: successfully reloaded assembly
- Completed reload, in  1.445 seconds
Platform modules already initialized, skipping
Switching build target platform(5) subTarget(0) extendedPlatform(0) -> platform(13) subTarget(537395200) extendedPlatform(0)
Refreshing native plugins compatible for Editor in 0.55 ms, found 0 plugins.
Preloading 0 native plugins for Editor in 0.00 ms.
Unloading 1467 Unused Serialized files (Serialized files now loaded: 0)
System memory in use before: 73.5 MB.
System memory in use after: 73.6 MB.

Unloading 8 unused Assets to reduce memory usage. Loaded Objects now: 2010.
Total: 2.957100 ms (FindLiveObjects: 0.329800 ms CreateObjectMapping: 0.152800 ms MarkObjects: 2.340300 ms  DeleteObjects: 0.132600 ms)

AssetImportParameters requested are different than current active one (requested -> active):
  custom:graphics/normal-map-encoding: 01000000000000000000000000000000 -> 02000000000000000000000000000000
========================================================================
Received Prepare
Registering precompiled user dll's ...
Registered in 0.002301 seconds.
Begin MonoManager ReloadAssembly
Native extension for WindowsStandalone target not found
Native extension for WebGL target not found
Refreshing native plugins compatible for Editor in 0.52 ms, found 0 plugins.
Preloading 0 native plugins for Editor in 0.00 ms.
Mono: successfully reloaded assembly
- Completed reload, in  1.411 seconds
Platform modules already initialized, skipping
Switching build target platform(5) subTarget(0) extendedPlatform(0) -> platform(13) subTarget(537395200) extendedPlatform(0)
Refreshing native plugins compatible for Editor in 0.52 ms, found 0 plugins.
Preloading 0 native plugins for Editor in 0.00 ms.
Unloading 1467 Unused Serialized files (Serialized files now loaded: 0)
System memory in use before: 73.5 MB.
System memory in use after: 73.6 MB.

Unloading 8 unused Assets to reduce memory usage. Loaded Objects now: 2013.
Total: 3.026900 ms (FindLiveObjects: 0.376400 ms CreateObjectMapping: 0.086800 ms MarkObjects: 2.382500 ms  DeleteObjects: 0.179900 ms)

AssetImportParameters requested are different than current active one (requested -> active):
  custom:graphics/normal-map-encoding: 01000000000000000000000000000000 -> 02000000000000000000000000000000
========================================================================
Received Prepare
Registering precompiled user dll's ...
Registered in 0.002202 seconds.
Begin MonoManager ReloadAssembly
Native extension for WindowsStandalone target not found
Native extension for WebGL target not found
Refreshing native plugins compatible for Editor in 0.46 ms, found 0 plugins.
Preloading 0 native plugins for Editor in 0.00 ms.
Mono: successfully reloaded assembly
- Completed reload, in  1.324 seconds
Platform modules already initialized, skipping
Switching build target platform(5) subTarget(0) extendedPlatform(0) -> platform(13) subTarget(537395200) extendedPlatform(0)
Refreshing native plugins compatible for Editor in 0.46 ms, found 0 plugins.
Preloading 0 native plugins for Editor in 0.00 ms.
Unloading 1467 Unused Serialized files (Serialized files now loaded: 0)
System memory in use before: 73.6 MB.
System memory in use after: 73.6 MB.

Unloading 8 unused Assets to reduce memory usage. Loaded Objects now: 2016.
Total: 3.369400 ms (FindLiveObjects: 0.320600 ms CreateObjectMapping: 0.078600 ms MarkObjects: 2.825300 ms  DeleteObjects: 0.143600 ms)

AssetImportParameters requested are different than current active one (requested -> active):
  custom:graphics/normal-map-encoding: 01000000000000000000000000000000 -> 02000000000000000000000000000000
========================================================================
Received Import Request.
  Time since last request: 949.935610 seconds.
  path: Assets/Scripts/Obstacle
  artifactKey: Guid(7f7adee9b35a46f42b788d65d91842b4) Importer(815301076,1909f56bfc062723c751e8b465ee728b)
Start importing Assets/Scripts/Obstacle using Guid(7f7adee9b35a46f42b788d65d91842b4) Importer(815301076,1909f56bfc062723c751e8b465ee728b)  -> (artifact id: '20cb4dde4c03452b45bab880c024858a') in 0.015812 seconds
  Import took 0.034047 seconds .

========================================================================
Received Prepare
Registering precompiled user dll's ...
Registered in 0.002636 seconds.
Begin MonoManager ReloadAssembly
Native extension for WindowsStandalone target not found
Native extension for WebGL target not found
Refreshing native plugins compatible for Editor in 0.48 ms, found 0 plugins.
Preloading 0 native plugins for Editor in 0.00 ms.
Mono: successfully reloaded assembly
- Completed reload, in  1.482 seconds
Platform modules already initialized, skipping
Switching build target platform(5) subTarget(0) extendedPlatform(0) -> platform(13) subTarget(537395200) extendedPlatform(0)
Refreshing native plugins compatible for Editor in 0.47 ms, found 0 plugins.
Preloading 0 native plugins for Editor in 0.00 ms.
Unloading 1467 Unused Serialized files (Serialized files now loaded: 0)
System memory in use before: 73.6 MB.
System memory in use after: 73.6 MB.

Unloading 8 unused Assets to reduce memory usage. Loaded Objects now: 2019.
Total: 2.629300 ms (FindLiveObjects: 0.324400 ms CreateObjectMapping: 0.082400 ms MarkObjects: 2.090800 ms  DeleteObjects: 0.129300 ms)

AssetImportParameters requested are different than current active one (requested -> active):
  custom:graphics/normal-map-encoding: 01000000000000000000000000000000 -> 02000000000000000000000000000000
========================================================================
Received Import Request.
  Time since last request: 15.656129 seconds.
  path: Assets/Scripts/Obstacle/Obstacle.cs
  artifactKey: Guid(38486cb68c0eb77459d5434c051f3819) Importer(815301076,1909f56bfc062723c751e8b465ee728b)
Start importing Assets/Scripts/Obstacle/Obstacle.cs using Guid(38486cb68c0eb77459d5434c051f3819) Importer(815301076,1909f56bfc062723c751e8b465ee728b)  -> (artifact id: '53c3f0009d93c4b3ca1605add0a024d0') in 0.016486 seconds
  Import took 0.030562 seconds .

========================================================================
Received Prepare
Registering precompiled user dll's ...
Registered in 0.002375 seconds.
Begin MonoManager ReloadAssembly
Native extension for WindowsStandalone target not found
Native extension for WebGL target not found
Refreshing native plugins compatible for Editor in 0.45 ms, found 0 plugins.
Preloading 0 native plugins for Editor in 0.00 ms.
Mono: successfully reloaded assembly
- Completed reload, in  1.450 seconds
Platform modules already initialized, skipping
Switching build target platform(5) subTarget(0) extendedPlatform(0) -> platform(13) subTarget(537395200) extendedPlatform(0)
Refreshing native plugins compatible for Editor in 0.45 ms, found 0 plugins.
Preloading 0 native plugins for Editor in 0.00 ms.
Unloading 1468 Unused Serialized files (Serialized files now loaded: 0)
System memory in use before: 73.6 MB.
System memory in use after: 73.6 MB.

Unloading 8 unused Assets to reduce memory usage. Loaded Objects now: 2023.
Total: 2.665100 ms (FindLiveObjects: 0.331200 ms CreateObjectMapping: 0.081100 ms MarkObjects: 2.125100 ms  DeleteObjects: 0.125700 ms)

AssetImportParameters requested are different than current active one (requested -> active):
  custom:graphics/normal-map-encoding: 01000000000000000000000000000000 -> 02000000000000000000000000000000
========================================================================
Received Prepare
Registering precompiled user dll's ...
Registered in 0.002410 seconds.
Begin MonoManager ReloadAssembly
Native extension for WindowsStandalone target not found
Native extension for WebGL target not found
Refreshing native plugins compatible for Editor in 0.47 ms, found 0 plugins.
Preloading 0 native plugins for Editor in 0.00 ms.
Mono: successfully reloaded assembly
- Completed reload, in  1.406 seconds
Platform modules already initialized, skipping
Switching build target platform(5) subTarget(0) extendedPlatform(0) -> platform(13) subTarget(537395200) extendedPlatform(0)
Refreshing native plugins compatible for Editor in 0.49 ms, found 0 plugins.
Preloading 0 native plugins for Editor in 0.00 ms.
Unloading 1468 Unused Serialized files (Serialized files now loaded: 0)
System memory in use before: 73.6 MB.
System memory in use after: 73.6 MB.

Unloading 8 unused Assets to reduce memory usage. Loaded Objects now: 2026.
Total: 3.157300 ms (FindLiveObjects: 0.381700 ms CreateObjectMapping: 0.082200 ms MarkObjects: 2.554100 ms  DeleteObjects: 0.138000 ms)

AssetImportParameters requested are different than current active one (requested -> active):
  custom:graphics/normal-map-encoding: 01000000000000000000000000000000 -> 02000000000000000000000000000000
========================================================================
Received Import Request.
  Time since last request: 21.333623 seconds.
  path: Assets/Scripts/Obstacle/Obstacle.cs
  artifactKey: Guid(38486cb68c0eb77459d5434c051f3819) Importer(815301076,1909f56bfc062723c751e8b465ee728b)
Start importing Assets/Scripts/Obstacle/Obstacle.cs using Guid(38486cb68c0eb77459d5434c051f3819) Importer(815301076,1909f56bfc062723c751e8b465ee728b)  -> (artifact id: '6845399af5f08efbb23a7ed36b1493a4') in 0.009903 seconds
  Import took 0.020709 seconds .

========================================================================
Received Import Request.
  Time since last request: 89.899392 seconds.
  path: Assets/Prefabs/Obstacle.prefab
  artifactKey: Guid(5078192a812341e4ea79ca2f1d2fbd00) Importer(815301076,1909f56bfc062723c751e8b465ee728b)
Start importing Assets/Prefabs/Obstacle.prefab using Guid(5078192a812341e4ea79ca2f1d2fbd00) Importer(815301076,1909f56bfc062723c751e8b465ee728b)  -> (artifact id: '2b195c7bda486caeda15282da0044950') in 0.089875 seconds
  Import took 0.104828 seconds .

AssetImportWorkerClient::OnTransportError - code=2 error=End of file
